2019-05-03 08:04:23 Error: [ParseError] syntax error, unexpected '<<' (T_SL)
#0 /home/vagrant/share/CakePHP-tutorial/CakePHP-tutorial/vendor/composer/ClassLoader.php(322): Composer\Autoload\includeFile('/home/vagrant/s...')
#1 [internal function]: Composer\Autoload\ClassLoader->loadClass('App\\Controller\\...')
#2 [internal function]: spl_autoload_call('App\\Controller\\...')
#3 /home/vagrant/share/CakePHP-tutorial/CakePHP-tutorial/vendor/cakephp/cakephp/src/Core/App.php(152): class_exists('App\\Controller\\...')
#4 /home/vagrant/share/CakePHP-tutorial/CakePHP-tutorial/vendor/cakephp/cakephp/src/Core/App.php(64): Cake\Core\App::_classExistsInBase('\\Controller\\Art...', 'App')
#5 /home/vagrant/share/CakePHP-tutorial/CakePHP-tutorial/vendor/cakephp/cakephp/src/Http/ControllerFactory.php(92): Cake\Core\App::className('Articles', 'Controller', 'Controller')
#6 /home/vagrant/share/CakePHP-tutorial/CakePHP-tutorial/vendor/cakephp/cakephp/src/Http/ControllerFactory.php(37): Cake\Http\ControllerFactory->getControllerClass(Object(Cake\Http\ServerRequest))
#7 /home/vagrant/share/CakePHP-tutorial/CakePHP-tutorial/vendor/cakephp/cakephp/src/Http/ActionDispatcher.php(91): Cake\Http\ControllerFactory->create(Object(Cake\Http\ServerRequest), Object(Cake\Http\Response))
#8 /home/vagrant/share/CakePHP-tutorial/CakePHP-tutorial/vendor/cakephp/cakephp/src/Http/BaseApplication.php(235): Cake\Http\ActionDispatcher->dispatch(Object(Cake\Http\ServerRequest), Object(Cake\Http\Response))
#9 /home/vagrant/share/CakePHP-tutorial/CakePHP-tutorial/vendor/cakephp/cakephp/src/Http/Runner.php(65): Cake\Http\BaseApplication->__invoke(Object(Cake\Http\ServerRequest), Object(Cake\Http\Response), Object(Cake\Http\Runner))
#10 /home/vagrant/share/CakePHP-tutorial/CakePHP-tutorial/vendor/cakephp/cakephp/src/Http/Runner.php(65): Cake\Http\Runner->__invoke(Object(Cake\Http\ServerRequest), Object(Cake\Http\Response), Object(Cake\Http\Runner))
#11 /home/vagrant/share/CakePHP-tutorial/CakePHP-tutorial/vendor/cakephp/cakephp/src/Http/Middleware/CsrfProtectionMiddleware.php(108): Cake\Http\Runner->__invoke(Object(Cake\Http\ServerRequest), Object(Cake\Http\Response))
#12 /home/vagrant/share/CakePHP-tutorial/CakePHP-tutorial/vendor/cakephp/cakephp/src/Http/Runner.php(65): Cake\Http\Middleware\CsrfProtectionMiddleware->__invoke(Object(Cake\Http\ServerRequest), Object(Cake\Http\Response), Object(Cake\Http\Runner))
#13 /home/vagrant/share/CakePHP-tutorial/CakePHP-tutorial/vendor/cakephp/cakephp/src/Http/Runner.php(51): Cake\Http\Runner->__invoke(Object(Cake\Http\ServerRequest), Object(Cake\Http\Response))
#14 /home/vagrant/share/CakePHP-tutorial/CakePHP-tutorial/vendor/cakephp/cakephp/src/Routing/Middleware/RoutingMiddleware.php(168): Cake\Http\Runner->run(Object(Cake\Http\MiddlewareQueue), Object(Cake\Http\ServerRequest), Object(Cake\Http\Response))
#15 /home/vagrant/share/CakePHP-tutorial/CakePHP-tutorial/vendor/cakephp/cakephp/src/Http/Runner.php(65): Cake\Routing\Middleware\RoutingMiddleware->__invoke(Object(Cake\Http\ServerRequest), Object(Cake\Http\Response), Object(Cake\Http\Runner))
#16 /home/vagrant/share/CakePHP-tutorial/CakePHP-tutorial/vendor/cakephp/cakephp/src/Routing/Middleware/AssetMiddleware.php(88): Cake\Http\Runner->__invoke(Object(Cake\Http\ServerRequest), Object(Cake\Http\Response))
#17 /home/vagrant/share/CakePHP-tutorial/CakePHP-tutorial/vendor/cakephp/cakephp/src/Http/Runner.php(65): Cake\Routing\Middleware\AssetMiddleware->__invoke(Object(Cake\Http\ServerRequest), Object(Cake\Http\Response), Object(Cake\Http\Runner))
#18 /home/vagrant/share/CakePHP-tutorial/CakePHP-tutorial/vendor/cakephp/cakephp/src/Error/Middleware/ErrorHandlerMiddleware.php(96): Cake\Http\Runner->__invoke(Object(Cake\Http\ServerRequest), Object(Cake\Http\Response))
#19 /home/vagrant/share/CakePHP-tutorial/CakePHP-tutorial/vendor/cakephp/cakephp/src/Http/Runner.php(65): Cake\Error\Middleware\ErrorHandlerMiddleware->__invoke(Object(Cake\Http\ServerRequest), Object(Cake\Http\Response), Object(Cake\Http\Runner))
#20 /home/vagrant/share/CakePHP-tutorial/CakePHP-tutorial/vendor/cakephp/debug_kit/src/Middleware/DebugKitMiddleware.php(53): Cake\Http\Runner->__invoke(Object(Cake\Http\ServerRequest), Object(Cake\Http\Response))
#21 /home/vagrant/share/CakePHP-tutorial/CakePHP-tutorial/vendor/cakephp/cakephp/src/Http/Runner.php(65): DebugKit\Middleware\DebugKitMiddleware->__invoke(Object(Cake\Http\ServerRequest), Object(Cake\Http\Response), Object(Cake\Http\Runner))
#22 /home/vagrant/share/CakePHP-tutorial/CakePHP-tutorial/vendor/cakephp/cakephp/src/Http/Runner.php(51): Cake\Http\Runner->__invoke(Object(Cake\Http\ServerRequest), Object(Cake\Http\Response))
#23 /home/vagrant/share/CakePHP-tutorial/CakePHP-tutorial/vendor/cakephp/cakephp/src/Http/Server.php(98): Cake\Http\Runner->run(Object(Cake\Http\MiddlewareQueue), Object(Cake\Http\ServerRequest), Object(Cake\Http\Response))
#24 /home/vagrant/share/CakePHP-tutorial/CakePHP-tutorial/webroot/index.php(40): Cake\Http\Server->run()
#25 {main}
Request URL: /articles


2019-05-03 13:31:36 Error: [ParseError] syntax error, unexpected '<<' (T_SL)
#0 /home/vagrant/share/CakePHP-tutorial/CakePHP-tutorial/vendor/composer/ClassLoader.php(322): Composer\Autoload\includeFile('/home/vagrant/s...')
#1 [internal function]: Composer\Autoload\ClassLoader->loadClass('App\\Controller\\...')
#2 [internal function]: spl_autoload_call('App\\Controller\\...')
#3 /home/vagrant/share/CakePHP-tutorial/CakePHP-tutorial/vendor/cakephp/cakephp/src/Core/App.php(152): class_exists('App\\Controller\\...')
#4 /home/vagrant/share/CakePHP-tutorial/CakePHP-tutorial/vendor/cakephp/cakephp/src/Core/App.php(64): Cake\Core\App::_classExistsInBase('\\Controller\\Art...', 'App')
#5 /home/vagrant/share/CakePHP-tutorial/CakePHP-tutorial/vendor/cakephp/cakephp/src/Http/ControllerFactory.php(92): Cake\Core\App::className('Articles', 'Controller', 'Controller')
#6 /home/vagrant/share/CakePHP-tutorial/CakePHP-tutorial/vendor/cakephp/cakephp/src/Http/ControllerFactory.php(37): Cake\Http\ControllerFactory->getControllerClass(Object(Cake\Http\ServerRequest))
#7 /home/vagrant/share/CakePHP-tutorial/CakePHP-tutorial/vendor/cakephp/cakephp/src/Http/ActionDispatcher.php(91): Cake\Http\ControllerFactory->create(Object(Cake\Http\ServerRequest), Object(Cake\Http\Response))
#8 /home/vagrant/share/CakePHP-tutorial/CakePHP-tutorial/vendor/cakephp/cakephp/src/Http/BaseApplication.php(235): Cake\Http\ActionDispatcher->dispatch(Object(Cake\Http\ServerRequest), Object(Cake\Http\Response))
#9 /home/vagrant/share/CakePHP-tutorial/CakePHP-tutorial/vendor/cakephp/cakephp/src/Http/Runner.php(65): Cake\Http\BaseApplication->__invoke(Object(Cake\Http\ServerRequest), Object(Cake\Http\Response), Object(Cake\Http\Runner))
#10 /home/vagrant/share/CakePHP-tutorial/CakePHP-tutorial/vendor/cakephp/cakephp/src/Http/Runner.php(65): Cake\Http\Runner->__invoke(Object(Cake\Http\ServerRequest), Object(Cake\Http\Response), Object(Cake\Http\Runner))
#11 /home/vagrant/share/CakePHP-tutorial/CakePHP-tutorial/vendor/cakephp/cakephp/src/Http/Middleware/CsrfProtectionMiddleware.php(108): Cake\Http\Runner->__invoke(Object(Cake\Http\ServerRequest), Object(Cake\Http\Response))
#12 /home/vagrant/share/CakePHP-tutorial/CakePHP-tutorial/vendor/cakephp/cakephp/src/Http/Runner.php(65): Cake\Http\Middleware\CsrfProtectionMiddleware->__invoke(Object(Cake\Http\ServerRequest), Object(Cake\Http\Response), Object(Cake\Http\Runner))
#13 /home/vagrant/share/CakePHP-tutorial/CakePHP-tutorial/vendor/cakephp/cakephp/src/Http/Runner.php(51): Cake\Http\Runner->__invoke(Object(Cake\Http\ServerRequest), Object(Cake\Http\Response))
#14 /home/vagrant/share/CakePHP-tutorial/CakePHP-tutorial/vendor/cakephp/cakephp/src/Routing/Middleware/RoutingMiddleware.php(168): Cake\Http\Runner->run(Object(Cake\Http\MiddlewareQueue), Object(Cake\Http\ServerRequest), Object(Cake\Http\Response))
#15 /home/vagrant/share/CakePHP-tutorial/CakePHP-tutorial/vendor/cakephp/cakephp/src/Http/Runner.php(65): Cake\Routing\Middleware\RoutingMiddleware->__invoke(Object(Cake\Http\ServerRequest), Object(Cake\Http\Response), Object(Cake\Http\Runner))
#16 /home/vagrant/share/CakePHP-tutorial/CakePHP-tutorial/vendor/cakephp/cakephp/src/Routing/Middleware/AssetMiddleware.php(88): Cake\Http\Runner->__invoke(Object(Cake\Http\ServerRequest), Object(Cake\Http\Response))
#17 /home/vagrant/share/CakePHP-tutorial/CakePHP-tutorial/vendor/cakephp/cakephp/src/Http/Runner.php(65): Cake\Routing\Middleware\AssetMiddleware->__invoke(Object(Cake\Http\ServerRequest), Object(Cake\Http\Response), Object(Cake\Http\Runner))
#18 /home/vagrant/share/CakePHP-tutorial/CakePHP-tutorial/vendor/cakephp/cakephp/src/Error/Middleware/ErrorHandlerMiddleware.php(96): Cake\Http\Runner->__invoke(Object(Cake\Http\ServerRequest), Object(Cake\Http\Response))
#19 /home/vagrant/share/CakePHP-tutorial/CakePHP-tutorial/vendor/cakephp/cakephp/src/Http/Runner.php(65): Cake\Error\Middleware\ErrorHandlerMiddleware->__invoke(Object(Cake\Http\ServerRequest), Object(Cake\Http\Response), Object(Cake\Http\Runner))
#20 /home/vagrant/share/CakePHP-tutorial/CakePHP-tutorial/vendor/cakephp/debug_kit/src/Middleware/DebugKitMiddleware.php(53): Cake\Http\Runner->__invoke(Object(Cake\Http\ServerRequest), Object(Cake\Http\Response))
#21 /home/vagrant/share/CakePHP-tutorial/CakePHP-tutorial/vendor/cakephp/cakephp/src/Http/Runner.php(65): DebugKit\Middleware\DebugKitMiddleware->__invoke(Object(Cake\Http\ServerRequest), Object(Cake\Http\Response), Object(Cake\Http\Runner))
#22 /home/vagrant/share/CakePHP-tutorial/CakePHP-tutorial/vendor/cakephp/cakephp/src/Http/Runner.php(51): Cake\Http\Runner->__invoke(Object(Cake\Http\ServerRequest), Object(Cake\Http\Response))
#23 /home/vagrant/share/CakePHP-tutorial/CakePHP-tutorial/vendor/cakephp/cakephp/src/Http/Server.php(98): Cake\Http\Runner->run(Object(Cake\Http\MiddlewareQueue), Object(Cake\Http\ServerRequest), Object(Cake\Http\Response))
#24 /home/vagrant/share/CakePHP-tutorial/CakePHP-tutorial/webroot/index.php(40): Cake\Http\Server->run()
#25 {main}
Request URL: /articles


2019-05-03 13:37:29 Error: [ParseError] syntax error, unexpected '<<' (T_SL), expecting end of file
#0 /home/vagrant/share/CakePHP-tutorial/CakePHP-tutorial/vendor/cakephp/cakephp/src/View/View.php(1380): Cake\View\View->_evaluate('/home/vagrant/s...', Array)
#1 /home/vagrant/share/CakePHP-tutorial/CakePHP-tutorial/vendor/cakephp/cakephp/src/View/View.php(880): Cake\View\View->_render('/home/vagrant/s...')
#2 /home/vagrant/share/CakePHP-tutorial/CakePHP-tutorial/vendor/cakephp/cakephp/src/Controller/Controller.php(791): Cake\View\View->render(NULL, NULL)
#3 /home/vagrant/share/CakePHP-tutorial/CakePHP-tutorial/vendor/cakephp/cakephp/src/Http/ActionDispatcher.php(126): Cake\Controller\Controller->render()
#4 /home/vagrant/share/CakePHP-tutorial/CakePHP-tutorial/vendor/cakephp/cakephp/src/Http/ActionDispatcher.php(94): Cake\Http\ActionDispatcher->_invoke(Object(App\Controller\ArticlesController))
#5 /home/vagrant/share/CakePHP-tutorial/CakePHP-tutorial/vendor/cakephp/cakephp/src/Http/BaseApplication.php(235): Cake\Http\ActionDispatcher->dispatch(Object(Cake\Http\ServerRequest), Object(Cake\Http\Response))
#6 /home/vagrant/share/CakePHP-tutorial/CakePHP-tutorial/vendor/cakephp/cakephp/src/Http/Runner.php(65): Cake\Http\BaseApplication->__invoke(Object(Cake\Http\ServerRequest), Object(Cake\Http\Response), Object(Cake\Http\Runner))
#7 /home/vagrant/share/CakePHP-tutorial/CakePHP-tutorial/vendor/cakephp/cakephp/src/Http/Runner.php(65): Cake\Http\Runner->__invoke(Object(Cake\Http\ServerRequest), Object(Cake\Http\Response), Object(Cake\Http\Runner))
#8 /home/vagrant/share/CakePHP-tutorial/CakePHP-tutorial/vendor/cakephp/cakephp/src/Http/Middleware/CsrfProtectionMiddleware.php(108): Cake\Http\Runner->__invoke(Object(Cake\Http\ServerRequest), Object(Cake\Http\Response))
#9 /home/vagrant/share/CakePHP-tutorial/CakePHP-tutorial/vendor/cakephp/cakephp/src/Http/Runner.php(65): Cake\Http\Middleware\CsrfProtectionMiddleware->__invoke(Object(Cake\Http\ServerRequest), Object(Cake\Http\Response), Object(Cake\Http\Runner))
#10 /home/vagrant/share/CakePHP-tutorial/CakePHP-tutorial/vendor/cakephp/cakephp/src/Http/Runner.php(51): Cake\Http\Runner->__invoke(Object(Cake\Http\ServerRequest), Object(Cake\Http\Response))
#11 /home/vagrant/share/CakePHP-tutorial/CakePHP-tutorial/vendor/cakephp/cakephp/src/Routing/Middleware/RoutingMiddleware.php(168): Cake\Http\Runner->run(Object(Cake\Http\MiddlewareQueue), Object(Cake\Http\ServerRequest), Object(Cake\Http\Response))
#12 /home/vagrant/share/CakePHP-tutorial/CakePHP-tutorial/vendor/cakephp/cakephp/src/Http/Runner.php(65): Cake\Routing\Middleware\RoutingMiddleware->__invoke(Object(Cake\Http\ServerRequest), Object(Cake\Http\Response), Object(Cake\Http\Runner))
#13 /home/vagrant/share/CakePHP-tutorial/CakePHP-tutorial/vendor/cakephp/cakephp/src/Routing/Middleware/AssetMiddleware.php(88): Cake\Http\Runner->__invoke(Object(Cake\Http\ServerRequest), Object(Cake\Http\Response))
#14 /home/vagrant/share/CakePHP-tutorial/CakePHP-tutorial/vendor/cakephp/cakephp/src/Http/Runner.php(65): Cake\Routing\Middleware\AssetMiddleware->__invoke(Object(Cake\Http\ServerRequest), Object(Cake\Http\Response), Object(Cake\Http\Runner))
#15 /home/vagrant/share/CakePHP-tutorial/CakePHP-tutorial/vendor/cakephp/cakephp/src/Error/Middleware/ErrorHandlerMiddleware.php(96): Cake\Http\Runner->__invoke(Object(Cake\Http\ServerRequest), Object(Cake\Http\Response))
#16 /home/vagrant/share/CakePHP-tutorial/CakePHP-tutorial/vendor/cakephp/cakephp/src/Http/Runner.php(65): Cake\Error\Middleware\ErrorHandlerMiddleware->__invoke(Object(Cake\Http\ServerRequest), Object(Cake\Http\Response), Object(Cake\Http\Runner))
#17 /home/vagrant/share/CakePHP-tutorial/CakePHP-tutorial/vendor/cakephp/debug_kit/src/Middleware/DebugKitMiddleware.php(53): Cake\Http\Runner->__invoke(Object(Cake\Http\ServerRequest), Object(Cake\Http\Response))
#18 /home/vagrant/share/CakePHP-tutorial/CakePHP-tutorial/vendor/cakephp/cakephp/src/Http/Runner.php(65): DebugKit\Middleware\DebugKitMiddleware->__invoke(Object(Cake\Http\ServerRequest), Object(Cake\Http\Response), Object(Cake\Http\Runner))
#19 /home/vagrant/share/CakePHP-tutorial/CakePHP-tutorial/vendor/cakephp/cakephp/src/Http/Runner.php(51): Cake\Http\Runner->__invoke(Object(Cake\Http\ServerRequest), Object(Cake\Http\Response))
#20 /home/vagrant/share/CakePHP-tutorial/CakePHP-tutorial/vendor/cakephp/cakephp/src/Http/Server.php(98): Cake\Http\Runner->run(Object(Cake\Http\MiddlewareQueue), Object(Cake\Http\ServerRequest), Object(Cake\Http\Response))
#21 /home/vagrant/share/CakePHP-tutorial/CakePHP-tutorial/webroot/index.php(40): Cake\Http\Server->run()
#22 {main}
Request URL: /articles/add
Referer URL: http://192.168.33.10:8080/articles


2019-05-03 13:53:10 Error: [Cake\Controller\Exception\MissingActionException] Action ArticlesController::tAG1() could not be found, or is not accessible.
Exception Attributes: array (
  'controller' => 'ArticlesController',
  'action' => 'tAG1',
  'prefix' => '',
  'plugin' => false,
)
#0 /home/vagrant/share/CakePHP-tutorial/CakePHP-tutorial/vendor/cakephp/cakephp/src/Http/ActionDispatcher.php(120): Cake\Controller\Controller->invokeAction()
#1 /home/vagrant/share/CakePHP-tutorial/CakePHP-tutorial/vendor/cakephp/cakephp/src/Http/ActionDispatcher.php(94): Cake\Http\ActionDispatcher->_invoke(Object(App\Controller\ArticlesController))
#2 /home/vagrant/share/CakePHP-tutorial/CakePHP-tutorial/vendor/cakephp/cakephp/src/Http/BaseApplication.php(235): Cake\Http\ActionDispatcher->dispatch(Object(Cake\Http\ServerRequest), Object(Cake\Http\Response))
#3 /home/vagrant/share/CakePHP-tutorial/CakePHP-tutorial/vendor/cakephp/cakephp/src/Http/Runner.php(65): Cake\Http\BaseApplication->__invoke(Object(Cake\Http\ServerRequest), Object(Cake\Http\Response), Object(Cake\Http\Runner))
#4 /home/vagrant/share/CakePHP-tutorial/CakePHP-tutorial/vendor/cakephp/cakephp/src/Http/Runner.php(65): Cake\Http\Runner->__invoke(Object(Cake\Http\ServerRequest), Object(Cake\Http\Response), Object(Cake\Http\Runner))
#5 /home/vagrant/share/CakePHP-tutorial/CakePHP-tutorial/vendor/cakephp/cakephp/src/Http/Middleware/CsrfProtectionMiddleware.php(108): Cake\Http\Runner->__invoke(Object(Cake\Http\ServerRequest), Object(Cake\Http\Response))
#6 /home/vagrant/share/CakePHP-tutorial/CakePHP-tutorial/vendor/cakephp/cakephp/src/Http/Runner.php(65): Cake\Http\Middleware\CsrfProtectionMiddleware->__invoke(Object(Cake\Http\ServerRequest), Object(Cake\Http\Response), Object(Cake\Http\Runner))
#7 /home/vagrant/share/CakePHP-tutorial/CakePHP-tutorial/vendor/cakephp/cakephp/src/Http/Runner.php(51): Cake\Http\Runner->__invoke(Object(Cake\Http\ServerRequest), Object(Cake\Http\Response))
#8 /home/vagrant/share/CakePHP-tutorial/CakePHP-tutorial/vendor/cakephp/cakephp/src/Routing/Middleware/RoutingMiddleware.php(168): Cake\Http\Runner->run(Object(Cake\Http\MiddlewareQueue), Object(Cake\Http\ServerRequest), Object(Cake\Http\Response))
#9 /home/vagrant/share/CakePHP-tutorial/CakePHP-tutorial/vendor/cakephp/cakephp/src/Http/Runner.php(65): Cake\Routing\Middleware\RoutingMiddleware->__invoke(Object(Cake\Http\ServerRequest), Object(Cake\Http\Response), Object(Cake\Http\Runner))
#10 /home/vagrant/share/CakePHP-tutorial/CakePHP-tutorial/vendor/cakephp/cakephp/src/Routing/Middleware/AssetMiddleware.php(88): Cake\Http\Runner->__invoke(Object(Cake\Http\ServerRequest), Object(Cake\Http\Response))
#11 /home/vagrant/share/CakePHP-tutorial/CakePHP-tutorial/vendor/cakephp/cakephp/src/Http/Runner.php(65): Cake\Routing\Middleware\AssetMiddleware->__invoke(Object(Cake\Http\ServerRequest), Object(Cake\Http\Response), Object(Cake\Http\Runner))
#12 /home/vagrant/share/CakePHP-tutorial/CakePHP-tutorial/vendor/cakephp/cakephp/src/Error/Middleware/ErrorHandlerMiddleware.php(96): Cake\Http\Runner->__invoke(Object(Cake\Http\ServerRequest), Object(Cake\Http\Response))
#13 /home/vagrant/share/CakePHP-tutorial/CakePHP-tutorial/vendor/cakephp/cakephp/src/Http/Runner.php(65): Cake\Error\Middleware\ErrorHandlerMiddleware->__invoke(Object(Cake\Http\ServerRequest), Object(Cake\Http\Response), Object(Cake\Http\Runner))
#14 /home/vagrant/share/CakePHP-tutorial/CakePHP-tutorial/vendor/cakephp/debug_kit/src/Middleware/DebugKitMiddleware.php(53): Cake\Http\Runner->__invoke(Object(Cake\Http\ServerRequest), Object(Cake\Http\Response))
#15 /home/vagrant/share/CakePHP-tutorial/CakePHP-tutorial/vendor/cakephp/cakephp/src/Http/Runner.php(65): DebugKit\Middleware\DebugKitMiddleware->__invoke(Object(Cake\Http\ServerRequest), Object(Cake\Http\Response), Object(Cake\Http\Runner))
#16 /home/vagrant/share/CakePHP-tutorial/CakePHP-tutorial/vendor/cakephp/cakephp/src/Http/Runner.php(51): Cake\Http\Runner->__invoke(Object(Cake\Http\ServerRequest), Object(Cake\Http\Response))
#17 /home/vagrant/share/CakePHP-tutorial/CakePHP-tutorial/vendor/cakephp/cakephp/src/Http/Server.php(98): Cake\Http\Runner->run(Object(Cake\Http\MiddlewareQueue), Object(Cake\Http\ServerRequest), Object(Cake\Http\Response))
#18 /home/vagrant/share/CakePHP-tutorial/CakePHP-tutorial/webroot/index.php(40): Cake\Http\Server->run()
#19 {main}
Request URL: /articles/TAG1


